<?xml version="1.0" encoding="utf-8"?><testsuites><testsuite name="pytest" errors="0" failures="0" skipped="0" tests="4" time="0.394" timestamp="2026-05-29T15:13:20.875331" hostname="Blade"><testcase classname="oculusTeleop.test.test_sim_to_hardware_conversion_node" name="test_get_joint_names" time="0.014" /><testcase classname="oculusTeleop.test.test_sim_to_hardware_conversion_node" name="test_get_joint_ranges" time="0.002" /><testcase classname="oculusTeleop.test.test_sim_to_hardware_conversion_node" name="test_remap_joint_commands" time="0.001" /><testcase classname="oculusTeleop.test.test_sim_to_hardware_conversion_node" name="test_map_sim_to_hardware" time="0.001" /></testsuite></testsuites>